# JRE version: OpenJDK Runtime Environment (8.0_131-b11) (build 1.8.0_131-8u131-b11-0ubuntu1.16.04.2-b11)
# Java VM: OpenJDK 64-Bit Server VM (25.131-b11 mixed mode linux-amd64 compressed oops)
Heap:
 PSYoungGen      total 53248K, used 18202K [0x00000000d7000000, 0x00000000db800000, 0x0000000100000000)
  eden space 48128K, 27% used [0x00000000d7000000,0x00000000d7cc89a8,0x00000000d9f00000)
  from space 5120K, 99% used [0x00000000db300000,0x00000000db7fe1c0,0x00000000db800000)
  to   space 5120K, 0% used [0x00000000dae00000,0x00000000dae00000,0x00000000db300000)
 ParOldGen       total 56832K, used 16543K [0x0000000085000000, 0x0000000088780000, 0x00000000d7000000)
  object space 56832K, 29% used [0x0000000085000000,0x0000000086027fd0,0x0000000088780000)
 Metaspace       used 26097K, capacity 26732K, committed 26880K, reserved 1073152K
  class space    used 3085K, capacity 3250K, committed 3328K, reserved 1048576K
GC Heap History (10 events):
Event: 1.171 GC heap before
{Heap before GC invocations=1 (full 0):
 PSYoungGen      total 36864K, used 31744K [0x00000000d7000000, 0x00000000d9900000, 0x0000000100000000)
  eden space 31744K, 100% used [0x00000000d7000000,0x00000000d8f00000,0x00000000d8f00000)
  from space 5120K, 0% used [0x00000000d9400000,0x00000000d9400000,0x00000000d9900000)
  to   space 5120K, 0% used [0x00000000d8f00000,0x00000000d8f00000,0x00000000d9400000)
 ParOldGen       total 84992K, used 0K [0x0000000085000000, 0x000000008a300000, 0x00000000d7000000)
  object space 84992K, 0% used [0x0000000085000000,0x0000000085000000,0x000000008a300000)
 Metaspace       used 10682K, capacity 10978K, committed 11264K, reserved 1058816K
  class space    used 1154K, capacity 1266K, committed 1280K, reserved 1048576K
Event: 1.180 GC heap after
Heap after GC invocations=1 (full 0):
 PSYoungGen      total 36864K, used 5090K [0x00000000d7000000, 0x00000000d9900000, 0x0000000100000000)
  eden space 31744K, 0% used [0x00000000d7000000,0x00000000d7000000,0x00000000d8f00000)
  from space 5120K, 99% used [0x00000000d8f00000,0x00000000d93f8b28,0x00000000d9400000)
  to   space 5120K, 0% used [0x00000000d9400000,0x00000000d9400000,0x00000000d9900000)
 ParOldGen       total 84992K, used 997K [0x0000000085000000, 0x000000008a300000, 0x00000000d7000000)
  object space 84992K, 1% used [0x0000000085000000,0x00000000850f9560,0x000000008a300000)
 Metaspace       used 10682K, capacity 10978K, committed 11264K, reserved 1058816K
  class space    used 1154K, capacity 1266K, committed 1280K, reserved 1048576K
}
Event: 2.099 GC heap before
{Heap before GC invocations=2 (full 0):
 PSYoungGen      total 36864K, used 36834K [0x00000000d7000000, 0x00000000d9900000, 0x0000000100000000)
  eden space 31744K, 100% used [0x00000000d7000000,0x00000000d8f00000,0x00000000d8f00000)
  from space 5120K, 99% used [0x00000000d8f00000,0x00000000d93f8b28,0x00000000d9400000)
  to   space 5120K, 0% used [0x00000000d9400000,0x00000000d9400000,0x00000000d9900000)
 ParOldGen       total 84992K, used 997K [0x0000000085000000, 0x000000008a300000, 0x00000000d7000000)
  object space 84992K, 1% used [0x0000000085000000,0x00000000850f9560,0x000000008a300000)
 Metaspace       used 18651K, capacity 19054K, committed 19200K, reserved 1067008K
  class space    used 2157K, capacity 2286K, committed 2304K, reserved 1048576K
Event: 2.113 GC heap after
Heap after GC invocations=2 (full 0):
 PSYoungGen      total 36864K, used 5093K [0x00000000d7000000, 0x00000000db800000, 0x0000000100000000)
  eden space 31744K, 0% used [0x00000000d7000000,0x00000000d7000000,0x00000000d8f00000)
  from space 5120K, 99% used [0x00000000d9400000,0x00000000d98f94e0,0x00000000d9900000)
  to   space 5120K, 0% used [0x00000000d8f00000,0x00000000d8f00000,0x00000000d9400000)
 ParOldGen       total 84992K, used 4894K [0x0000000085000000, 0x000000008a300000, 0x00000000d7000000)
  object space 84992K, 5% used [0x0000000085000000,0x00000000854c79c8,0x000000008a300000)
 Metaspace       used 18651K, capacity 19054K, committed 19200K, reserved 1067008K
  class space    used 2157K, capacity 2286K, committed 2304K, reserved 1048576K
}
Event: 2.239 GC heap before
{Heap before GC invocations=3 (full 0):
 PSYoungGen      total 36864K, used 11205K [0x00000000d7000000, 0x00000000db800000, 0x0000000100000000)
  eden space 31744K, 19% used [0x00000000d7000000,0x00000000d75f7f90,0x00000000d8f00000)
  from space 5120K, 99% used [0x00000000d9400000,0x00000000d98f94e0,0x00000000d9900000)
  to   space 5120K, 0% used [0x00000000d8f00000,0x00000000d8f00000,0x00000000d9400000)
 ParOldGen       total 84992K, used 4894K [0x0000000085000000, 0x000000008a300000, 0x00000000d7000000)
  object space 84992K, 5% used [0x0000000085000000,0x00000000854c79c8,0x000000008a300000)
 Metaspace       used 20721K, capacity 21078K, committed 21296K, reserved 1069056K
  class space    used 2454K, capacity 2589K, committed 2688K, reserved 1048576K
Event: 2.245 GC heap after
Heap after GC invocations=3 (full 0):
 PSYoungGen      total 36864K, used 5093K [0x00000000d7000000, 0x00000000db800000, 0x0000000100000000)
  eden space 31744K, 0% used [0x00000000d7000000,0x00000000d7000000,0x00000000d8f00000)
  from space 5120K, 99% used [0x00000000d8f00000,0x00000000d93f94c0,0x00000000d9400000)
  to   space 5120K, 0% used [0x00000000db300000,0x00000000db300000,0x00000000db800000)
 ParOldGen       total 84992K, used 6130K [0x0000000085000000, 0x000000008a300000, 0x00000000d7000000)
  object space 84992K, 7% used [0x0000000085000000,0x00000000855fc9a0,0x000000008a300000)
 Metaspace       used 20721K, capacity 21078K, committed 21296K, reserved 1069056K
  class space    used 2454K, capacity 2589K, committed 2688K, reserved 1048576K
}
Event: 2.245 GC heap before
{Heap before GC invocations=4 (full 1):
 PSYoungGen      total 36864K, used 5093K [0x00000000d7000000, 0x00000000db800000, 0x0000000100000000)
  eden space 31744K, 0% used [0x00000000d7000000,0x00000000d7000000,0x00000000d8f00000)
  from space 5120K, 99% used [0x00000000d8f00000,0x00000000d93f94c0,0x00000000d9400000)
  to   space 5120K, 0% used [0x00000000db300000,0x00000000db300000,0x00000000db800000)
 ParOldGen       total 84992K, used 6130K [0x0000000085000000, 0x000000008a300000, 0x00000000d7000000)
  object space 84992K, 7% used [0x0000000085000000,0x00000000855fc9a0,0x000000008a300000)
 Metaspace       used 20721K, capacity 21078K, committed 21296K, reserved 1069056K
  class space    used 2454K, capacity 2589K, committed 2688K, reserved 1048576K
Event: 2.283 GC heap after
Heap after GC invocations=4 (full 1):
 PSYoungGen      total 36864K, used 0K [0x00000000d7000000, 0x00000000db800000, 0x0000000100000000)
  eden space 31744K, 0% used [0x00000000d7000000,0x00000000d7000000,0x00000000d8f00000)
  from space 5120K, 0% used [0x00000000d8f00000,0x00000000d8f00000,0x00000000d9400000)
  to   space 5120K, 0% used [0x00000000db300000,0x00000000db300000,0x00000000db800000)
 ParOldGen       total 56832K, used 7145K [0x0000000085000000, 0x0000000088780000, 0x00000000d7000000)
  object space 56832K, 12% used [0x0000000085000000,0x00000000856fa678,0x0000000088780000)
 Metaspace       used 20721K, capacity 21078K, committed 21296K, reserved 1069056K
  class space    used 2454K, capacity 2589K, committed 2688K, reserved 1048576K
}
Event: 25.370 GC heap before
{Heap before GC invocations=5 (full 1):
 PSYoungGen      total 36864K, used 29532K [0x00000000d7000000, 0x00000000db800000, 0x0000000100000000)
  eden space 31744K, 93% used [0x00000000d7000000,0x00000000d8cd72d0,0x00000000d8f00000)
  from space 5120K, 0% used [0x00000000d8f00000,0x00000000d8f00000,0x00000000d9400000)
  to   space 5120K, 0% used [0x00000000db300000,0x00000000db300000,0x00000000db800000)
 ParOldGen       total 56832K, used 7145K [0x0000000085000000, 0x0000000088780000, 0x00000000d7000000)
  object space 56832K, 12% used [0x0000000085000000,0x00000000856fa678,0x0000000088780000)
 Metaspace       used 25797K, capacity 26476K, committed 26624K, reserved 1073152K
  class space    used 3084K, capacity 3250K, committed 3328K, reserved 1048576K
Event: 25.378 GC heap after
Heap after GC invocations=5 (full 1):
 PSYoungGen      total 53248K, used 5112K [0x00000000d7000000, 0x00000000db800000, 0x0000000100000000)
  eden space 48128K, 0% used [0x00000000d7000000,0x00000000d7000000,0x00000000d9f00000)
  from space 5120K, 99% used [0x00000000db300000,0x00000000db7fe1c0,0x00000000db800000)
  to   space 5120K, 0% used [0x00000000dae00000,0x00000000dae00000,0x00000000db300000)
 ParOldGen       total 56832K, used 16543K [0x0000000085000000, 0x0000000088780000, 0x00000000d7000000)
  object space 56832K, 29% used [0x0000000085000000,0x0000000086027fd0,0x0000000088780000)
 Metaspace       used 25797K, capacity 26476K, committed 26624K, reserved 1073152K
  class space    used 3084K, capacity 3250K, committed 3328K, reserved 1048576K
}

