# JRE version: OpenJDK Runtime Environment (8.0_131-b11) (build 1.8.0_131-8u131-b11-0ubuntu1.16.04.2-b11)
# Java VM: OpenJDK 64-Bit Server VM (25.131-b11 mixed mode linux-amd64 compressed oops)
Heap:
 PSYoungGen      total 54272K, used 35810K [0x00000000d7000000, 0x00000000db800000, 0x0000000100000000)
  eden space 49152K, 62% used [0x00000000d7000000,0x00000000d8dfbd28,0x00000000da000000)
  from space 5120K, 99% used [0x00000000db300000,0x00000000db7fce68,0x00000000db800000)
  to   space 5120K, 0% used [0x00000000dae00000,0x00000000dae00000,0x00000000db300000)
 ParOldGen       total 57344K, used 13232K [0x0000000085000000, 0x0000000088800000, 0x00000000d7000000)
  object space 57344K, 23% used [0x0000000085000000,0x0000000085cec268,0x0000000088800000)
 Metaspace       used 29679K, capacity 30602K, committed 30720K, reserved 1077248K
  class space    used 3636K, capacity 3835K, committed 3840K, reserved 1048576K
GC Heap History (10 events):
Event: 1.011 GC heap before
{Heap before GC invocations=1 (full 0):
 PSYoungGen      total 36864K, used 31744K [0x00000000d7000000, 0x00000000d9900000, 0x0000000100000000)
  eden space 31744K, 100% used [0x00000000d7000000,0x00000000d8f00000,0x00000000d8f00000)
  from space 5120K, 0% used [0x00000000d9400000,0x00000000d9400000,0x00000000d9900000)
  to   space 5120K, 0% used [0x00000000d8f00000,0x00000000d8f00000,0x00000000d9400000)
 ParOldGen       total 84992K, used 0K [0x0000000085000000, 0x000000008a300000, 0x00000000d7000000)
  object space 84992K, 0% used [0x0000000085000000,0x0000000085000000,0x000000008a300000)
 Metaspace       used 10705K, capacity 11042K, committed 11264K, reserved 1058816K
  class space    used 1158K, capacity 1266K, committed 1280K, reserved 1048576K
Event: 1.019 GC heap after
Heap after GC invocations=1 (full 0):
 PSYoungGen      total 36864K, used 5119K [0x00000000d7000000, 0x00000000d9900000, 0x0000000100000000)
  eden space 31744K, 0% used [0x00000000d7000000,0x00000000d7000000,0x00000000d8f00000)
  from space 5120K, 99% used [0x00000000d8f00000,0x00000000d93ffc88,0x00000000d9400000)
  to   space 5120K, 0% used [0x00000000d9400000,0x00000000d9400000,0x00000000d9900000)
 ParOldGen       total 84992K, used 849K [0x0000000085000000, 0x000000008a300000, 0x00000000d7000000)
  object space 84992K, 0% used [0x0000000085000000,0x00000000850d4420,0x000000008a300000)
 Metaspace       used 10705K, capacity 11042K, committed 11264K, reserved 1058816K
  class space    used 1158K, capacity 1266K, committed 1280K, reserved 1048576K
}
Event: 1.865 GC heap before
{Heap before GC invocations=2 (full 0):
 PSYoungGen      total 36864K, used 36863K [0x00000000d7000000, 0x00000000d9900000, 0x0000000100000000)
  eden space 31744K, 100% used [0x00000000d7000000,0x00000000d8f00000,0x00000000d8f00000)
  from space 5120K, 99% used [0x00000000d8f00000,0x00000000d93ffc88,0x00000000d9400000)
  to   space 5120K, 0% used [0x00000000d9400000,0x00000000d9400000,0x00000000d9900000)
 ParOldGen       total 84992K, used 849K [0x0000000085000000, 0x000000008a300000, 0x00000000d7000000)
  object space 84992K, 0% used [0x0000000085000000,0x00000000850d4420,0x000000008a300000)
 Metaspace       used 17779K, capacity 18352K, committed 18560K, reserved 1064960K
  class space    used 2196K, capacity 2361K, committed 2432K, reserved 1048576K
Event: 1.874 GC heap after
Heap after GC invocations=2 (full 0):
 PSYoungGen      total 36864K, used 5088K [0x00000000d7000000, 0x00000000d9900000, 0x0000000100000000)
  eden space 31744K, 0% used [0x00000000d7000000,0x00000000d7000000,0x00000000d8f00000)
  from space 5120K, 99% used [0x00000000d9400000,0x00000000d98f8050,0x00000000d9900000)
  to   space 5120K, 0% used [0x00000000d8f00000,0x00000000d8f00000,0x00000000d9400000)
 ParOldGen       total 84992K, used 4960K [0x0000000085000000, 0x000000008a300000, 0x00000000d7000000)
  object space 84992K, 5% used [0x0000000085000000,0x00000000854d81b8,0x000000008a300000)
 Metaspace       used 17779K, capacity 18352K, committed 18560K, reserved 1064960K
  class space    used 2196K, capacity 2361K, committed 2432K, reserved 1048576K
}
Event: 2.004 GC heap before
{Heap before GC invocations=3 (full 0):
 PSYoungGen      total 36864K, used 12857K [0x00000000d7000000, 0x00000000d9900000, 0x0000000100000000)
  eden space 31744K, 24% used [0x00000000d7000000,0x00000000d77965b8,0x00000000d8f00000)
  from space 5120K, 99% used [0x00000000d9400000,0x00000000d98f8050,0x00000000d9900000)
  to   space 5120K, 0% used [0x00000000d8f00000,0x00000000d8f00000,0x00000000d9400000)
 ParOldGen       total 84992K, used 4960K [0x0000000085000000, 0x000000008a300000, 0x00000000d7000000)
  object space 84992K, 5% used [0x0000000085000000,0x00000000854d81b8,0x000000008a300000)
 Metaspace       used 20642K, capacity 21132K, committed 21296K, reserved 1069056K
  class space    used 2484K, capacity 2627K, committed 2688K, reserved 1048576K
Event: 2.012 GC heap after
Heap after GC invocations=3 (full 0):
 PSYoungGen      total 36864K, used 5109K [0x00000000d7000000, 0x00000000db800000, 0x0000000100000000)
  eden space 31744K, 0% used [0x00000000d7000000,0x00000000d7000000,0x00000000d8f00000)
  from space 5120K, 99% used [0x00000000d8f00000,0x00000000d93fd4f0,0x00000000d9400000)
  to   space 5120K, 0% used [0x00000000db300000,0x00000000db300000,0x00000000db800000)
 ParOldGen       total 84992K, used 6149K [0x0000000085000000, 0x000000008a300000, 0x00000000d7000000)
  object space 84992K, 7% used [0x0000000085000000,0x00000000856016d8,0x000000008a300000)
 Metaspace       used 20642K, capacity 21132K, committed 21296K, reserved 1069056K
  class space    used 2484K, capacity 2627K, committed 2688K, reserved 1048576K
}
Event: 2.012 GC heap before
{Heap before GC invocations=4 (full 1):
 PSYoungGen      total 36864K, used 5109K [0x00000000d7000000, 0x00000000db800000, 0x0000000100000000)
  eden space 31744K, 0% used [0x00000000d7000000,0x00000000d7000000,0x00000000d8f00000)
  from space 5120K, 99% used [0x00000000d8f00000,0x00000000d93fd4f0,0x00000000d9400000)
  to   space 5120K, 0% used [0x00000000db300000,0x00000000db300000,0x00000000db800000)
 ParOldGen       total 84992K, used 6149K [0x0000000085000000, 0x000000008a300000, 0x00000000d7000000)
  object space 84992K, 7% used [0x0000000085000000,0x00000000856016d8,0x000000008a300000)
 Metaspace       used 20642K, capacity 21132K, committed 21296K, reserved 1069056K
  class space    used 2484K, capacity 2627K, committed 2688K, reserved 1048576K
Event: 2.050 GC heap after
Heap after GC invocations=4 (full 1):
 PSYoungGen      total 36864K, used 0K [0x00000000d7000000, 0x00000000db800000, 0x0000000100000000)
  eden space 31744K, 0% used [0x00000000d7000000,0x00000000d7000000,0x00000000d8f00000)
  from space 5120K, 0% used [0x00000000d8f00000,0x00000000d8f00000,0x00000000d9400000)
  to   space 5120K, 0% used [0x00000000db300000,0x00000000db300000,0x00000000db800000)
 ParOldGen       total 57344K, used 6916K [0x0000000085000000, 0x0000000088800000, 0x00000000d7000000)
  object space 57344K, 12% used [0x0000000085000000,0x00000000856c13c0,0x0000000088800000)
 Metaspace       used 20642K, capacity 21132K, committed 21296K, reserved 1069056K
  class space    used 2484K, capacity 2627K, committed 2688K, reserved 1048576K
}
Event: 2.718 GC heap before
{Heap before GC invocations=5 (full 1):
 PSYoungGen      total 36864K, used 31744K [0x00000000d7000000, 0x00000000db800000, 0x0000000100000000)
  eden space 31744K, 100% used [0x00000000d7000000,0x00000000d8f00000,0x00000000d8f00000)
  from space 5120K, 0% used [0x00000000d8f00000,0x00000000d8f00000,0x00000000d9400000)
  to   space 5120K, 0% used [0x00000000db300000,0x00000000db300000,0x00000000db800000)
 ParOldGen       total 57344K, used 6916K [0x0000000085000000, 0x0000000088800000, 0x00000000d7000000)
  object space 57344K, 12% used [0x0000000085000000,0x00000000856c13c0,0x0000000088800000)
 Metaspace       used 28320K, capacity 29164K, committed 29440K, reserved 1075200K
  class space    used 3548K, capacity 3776K, committed 3840K, reserved 1048576K
Event: 2.729 GC heap after
Heap after GC invocations=5 (full 1):
 PSYoungGen      total 54272K, used 5107K [0x00000000d7000000, 0x00000000db800000, 0x0000000100000000)
  eden space 49152K, 0% used [0x00000000d7000000,0x00000000d7000000,0x00000000da000000)
  from space 5120K, 99% used [0x00000000db300000,0x00000000db7fce68,0x00000000db800000)
  to   space 5120K, 0% used [0x00000000dae00000,0x00000000dae00000,0x00000000db300000)
 ParOldGen       total 57344K, used 13232K [0x0000000085000000, 0x0000000088800000, 0x00000000d7000000)
  object space 57344K, 23% used [0x0000000085000000,0x0000000085cec268,0x0000000088800000)
 Metaspace       used 28320K, capacity 29164K, committed 29440K, reserved 1075200K
  class space    used 3548K, capacity 3776K, committed 3840K, reserved 1048576K
}

